29.11.2017 08:38:52	This log contains information about the import schema operation into project 'toolkit.excel.db' on computer 'ARMOR' by user 'Philip'.
29.11.2017 08:38:52	Import of database schema has started.
29.11.2017 08:38:55	Gathering database credentials
29.11.2017 08:38:55	Gathering database options
29.11.2017 08:38:55	Gathering users
29.11.2017 08:38:55	Gathering roles
29.11.2017 08:38:55	Gathering application roles
29.11.2017 08:38:55	Gathering role memberships
29.11.2017 08:38:55	Gathering filegroups
29.11.2017 08:38:55	Gathering full-text catalogs
29.11.2017 08:38:55	Gathering assemblies
29.11.2017 08:38:55	Gathering certificates
29.11.2017 08:38:55	Gathering asymmetric keys
29.11.2017 08:38:55	Gathering symmetric keys
29.11.2017 08:38:55	Gathering encrypted symmetric keys
29.11.2017 08:38:55	Gathering schemas
29.11.2017 08:38:55	Gathering XML schema collections
29.11.2017 08:38:55	Gathering user-defined data types
29.11.2017 08:38:55	Gathering user-defined types
29.11.2017 08:38:55	Gathering table types
29.11.2017 08:38:55	Gathering unique keys for table types
29.11.2017 08:38:55	Gathering primary keys for table types
29.11.2017 08:38:55	Gathering indexes for table types
29.11.2017 08:38:55	Gathering check constraints for table types
29.11.2017 08:38:55	Gathering default constraints for table types
29.11.2017 08:38:55	Gathering partition functions
29.11.2017 08:38:55	Gathering partition schemes
29.11.2017 08:38:55	Gathering functions
29.11.2017 08:38:55	Gathering encrypted functions
29.11.2017 08:38:55	Gathering aggregates
29.11.2017 08:38:55	Gathering procedures
29.11.2017 08:38:55	Gathering encrypted procedures
29.11.2017 08:38:55	Gathering tables
29.11.2017 08:38:55	Gathering primary keys
29.11.2017 08:38:55	Gathering unique constraints
29.11.2017 08:38:55	Gathering foreign keys
29.11.2017 08:38:55	Gathering default constraints
29.11.2017 08:38:55	Gathering check constraints
29.11.2017 08:38:55	Gathering views
29.11.2017 08:38:55	Gathering encrypted views
29.11.2017 08:38:55	Gathering indexes
29.11.2017 08:38:55	Gathering statistics
29.11.2017 08:38:55	Gathering full-text index stoplists
29.11.2017 08:38:55	Gathering search property lists
29.11.2017 08:38:55	Gathering search properties
29.11.2017 08:38:55	Gathering full-text indexes
29.11.2017 08:38:55	Gathering column store indexes
29.11.2017 08:38:55	Gathering spatial indexes
29.11.2017 08:38:55	Gathering XML indexes
29.11.2017 08:38:55	Gathering Selective XML indexes
29.11.2017 08:38:55	Gathering encrypted triggers
29.11.2017 08:38:55	Gathering triggers
29.11.2017 08:38:55	Gathering encrypted and clr ddl triggers
29.11.2017 08:38:55	Gathering ddl triggers
29.11.2017 08:38:55	Gathering synonyms
29.11.2017 08:38:55	Gathering defaults
29.11.2017 08:38:55	Gathering data constraint uddt bindings
29.11.2017 08:38:55	Gathering rules
29.11.2017 08:38:55	Gathering data constraint uddt bindings
29.11.2017 08:38:55	Gathering message types
29.11.2017 08:38:55	Gathering queues
29.11.2017 08:38:55	Gathering contracts
29.11.2017 08:38:55	Gathering services
29.11.2017 08:38:55	Gathering event notifications
29.11.2017 08:38:55	Gathering remote service bindings
29.11.2017 08:38:55	Gathering broker priorities
29.11.2017 08:38:55	Gathering signatures
29.11.2017 08:38:55	Gathering data compression options
29.11.2017 08:38:55	Gathering sequence types
29.11.2017 08:38:55	Gathering security policies
29.11.2017 08:38:55	Gather column encryption keys
29.11.2017 08:38:55	Gathering column master keys
29.11.2017 08:38:55	Gathering external data sources
29.11.2017 08:38:55	Gathering external file formats
29.11.2017 08:38:55	Gathering external tables
29.11.2017 08:38:55	Gathering extended properties
29.11.2017 08:38:55	Gathering credentials
29.11.2017 08:38:55	Gathering logins
29.11.2017 08:38:55	Gathering server audits
29.11.2017 08:38:55	Scanning project for duplicate elements
29.11.2017 08:38:55	Finished duplicate element processing
29.11.2017 08:38:56	Finished importing database.
29.11.2017 08:38:56	A summary of the import was saved to the following location: C:\Users\Philip\Source\Repos\ExcelToolkit\toolkit.excel.db\Import Schema Logs\toolkit.excel.db_20171129073852.log
29.11.2017 08:38:56	Click Finish to continue...
